\BOOKMARK [1][-]{section.1}{\376\377\000V\000e\000c\000t\000o\000r\000s}{}% 1
\BOOKMARK [1][-]{section.2}{\376\377\000M\000a\000t\000r\000i\000c\000e\000s}{}% 2
\BOOKMARK [1][-]{section.4}{\376\377\000F\000o\000u\000r\000\040\000F\000u\000n\000d\000a\000m\000e\000n\000t\000a\000l\000\040\000S\000u\000b\000s\000p\000a\000c\000e\000s}{}% 3
\BOOKMARK [2][-]{subsection.4.1}{\376\377\000V\000e\000c\000t\000o\000r\000\040\000S\000p\000a\000c\000e\000s}{section.4}% 4
\BOOKMARK [2][-]{subsection.4.2}{\376\377\000B\000a\000s\000e\000s\000\040\000a\000n\000d\000\040\000d\000i\000m\000e\000n\000s\000i\000o\000n}{section.4}% 5
\BOOKMARK [2][-]{subsection.4.3}{\376\377\000C\000o\000m\000p\000u\000t\000i\000n\000g\000\040\000t\000h\000e\000\040\000t\000h\000r\000e\000e\000\040\000f\000u\000n\000d\000a\000m\000e\000n\000t\000a\000l\000\040\000s\000u\000b\000s\000p\000a\000c\000e\000s}{section.4}% 6
\BOOKMARK [2][-]{subsection.4.4}{\376\377\000A\000l\000l\000\040\000s\000o\000l\000u\000t\000i\000o\000n\000s\000\040\000o\000f\000\040\000A\000x\000\040\000=\000\040\000b}{section.4}% 7
\BOOKMARK [1][-]{section.5}{\376\377\000O\000r\000t\000h\000o\000g\000o\000n\000a\000l\000i\000t\000y\000\040\000a\000n\000d\000\040\000P\000r\000o\000j\000e\000c\000t\000i\000o\000n\000s}{}% 8
\BOOKMARK [2][-]{subsection.5.1}{\376\377\000D\000e\000f\000i\000n\000i\000t\000i\000o\000n}{section.5}% 9
\BOOKMARK [2][-]{subsection.5.2}{\376\377\000P\000r\000o\000j\000e\000c\000t\000i\000o\000n\000s}{section.5}% 10
\BOOKMARK [1][-]{section.6}{\376\377\000A\000p\000p\000l\000i\000c\000a\000t\000i\000o\000n\000s\000\040\000o\000f\000\040\000O\000r\000t\000h\000o\000g\000o\000n\000a\000l\000i\000t\000y\000\040\000a\000n\000d\000\040\000P\000r\000o\000j\000e\000c\000t\000i\000o\000n\000s}{}% 11
\BOOKMARK [2][-]{subsection.6.1}{\376\377\000L\000e\000a\000s\000t\000\040\000S\000q\000u\000a\000r\000e\000s\000\040\000A\000p\000p\000r\000o\000x\000i\000m\000a\000t\000i\000o\000n}{section.6}% 12
\BOOKMARK [2][-]{subsection.6.2}{\376\377\000T\000h\000e\000\040\000s\000e\000t\000\040\000o\000f\000\040\000a\000l\000l\000\040\000s\000o\000l\000u\000t\000i\000o\000n\000s\000\040\000t\000o\000\040\000a\000\040\000s\000y\000s\000t\000e\000m\000\040\000o\000f\000\040\000l\000i\000n\000e\000a\000r\000\040\000e\000q\000u\000a\000t\000i\000o\000n\000s}{section.6}% 13
\BOOKMARK [2][-]{subsection.6.3}{\376\377\000O\000r\000t\000h\000o\000n\000o\000r\000m\000a\000l\000\040\000B\000a\000s\000e\000s\000\040\000a\000n\000d\000\040\000G\000r\000a\000m\000\040\000S\000c\000h\000m\000i\000d\000t}{section.6}% 14
\BOOKMARK [2][-]{subsection.6.4}{\376\377\000P\000s\000e\000u\000d\000o\000i\000n\000v\000e\000r\000s\000e\000s}{section.6}% 15
\BOOKMARK [1][-]{section.7}{\376\377\000T\000h\000e\000\040\000D\000e\000t\000e\000r\000m\000i\000n\000a\000n\000t}{}% 16
\BOOKMARK [2][-]{subsection.7.1}{\376\377\0002\000\040\000t\000i\000m\000e\000s\000\040\0002}{section.7}% 17
\BOOKMARK [2][-]{subsection.7.2}{\376\377\000G\000e\000n\000e\000r\000a\000l\000\040\000c\000a\000s\000e\000:}{section.7}% 18
\BOOKMARK [1][-]{section.8}{\376\377\000E\000i\000g\000e\000n\000v\000a\000l\000u\000e\000s\000\040\000a\000n\000d\000\040\000E\000i\000g\000e\000n\000v\000e\000c\000t\000o\000r\000s}{}% 19
\BOOKMARK [2][-]{subsection.8.1}{\376\377\000C\000o\000m\000p\000l\000e\000x\000\040\000N\000u\000m\000b\000e\000r\000s}{section.8}% 20
\BOOKMARK [2][-]{subsection.8.2}{\376\377\000I\000n\000t\000r\000o\000d\000u\000c\000t\000i\000o\000n\000\040\000t\000o\000\040\000E\000i\000g\000e\000n\000v\000a\000l\000u\000e\000s\000\040\000a\000n\000d\000\040\000E\000i\000g\000e\000n\000v\000e\000c\000t\000o\000r\000s}{section.8}% 21
\BOOKMARK [2][-]{subsection.8.3}{\376\377\000P\000r\000o\000p\000e\000r\000t\000i\000e\000s\000\040\000o\000f\000\040\000E\000i\000g\000e\000n\000v\000a\000l\000u\000e\000s\000\040\000a\000n\000d\000\040\000E\000i\000g\000e\000n\000v\000e\000c\000t\000o\000r\000s}{section.8}% 22
\BOOKMARK [1][-]{section.9}{\376\377\000D\000i\000a\000g\000o\000n\000i\000z\000a\000b\000l\000e\000\040\000M\000a\000t\000r\000i\000c\000e\000s\000,\000\040\000S\000i\000n\000g\000u\000l\000a\000r\000\040\000V\000a\000l\000u\000e\000\040\000D\000e\000c\000o\000m\000p\000o\000s\000i\000t\000i\000o\000n}{}% 23
\BOOKMARK [2][-]{subsection.9.1}{\376\377\000D\000i\000a\000g\000o\000n\000a\000l\000i\000z\000a\000t\000i\000o\000n}{section.9}% 24
\BOOKMARK [2][-]{subsection.9.2}{\376\377\000S\000y\000m\000m\000e\000t\000r\000i\000c\000\040\000M\000a\000t\000r\000i\000c\000e\000s\000,\000\040\000S\000p\000e\000c\000t\000r\000a\000l\000\040\000T\000h\000e\000o\000r\000e\000m}{section.9}% 25
\BOOKMARK [2][-]{subsection.9.3}{\376\377\000S\000i\000n\000g\000u\000l\000a\000r\000\040\000V\000a\000l\000u\000e\000\040\000D\000e\000c\000o\000m\000p\000o\000s\000i\000t\000i\000o\000n}{section.9}% 26
